Removed Pin From Net: NetName=JAL4_UP Pin=U2-4
Removed Pin From Net: NetName=JAL4_DN Pin=U2-5
Removed Pin From Net: NetName=NetP3_2 Pin=U2-6
Removed Pin From Net: NetName=NetP2_5 Pin=U2-8
Removed Pin From Net: NetName=JAL1_UP Pin=U2-9
Removed Pin From Net: NetName=JAL1_DN Pin=U2-10
Removed Pin From Net: NetName=NetP3_5 Pin=U2-11
Removed Pin From Net: NetName=JAL5_UP Pin=U2-12
Removed Pin From Net: NetName=JAL5_DN Pin=U2-13
Removed Pin From Net: NetName=JAL2_UP Pin=U4-1
Removed Pin From Net: NetName=JAL2_DN Pin=U4-2
Removed Pin From Net: NetName=NetP2_8 Pin=U4-3
Removed Pin From Net: NetName=JAL6_UP Pin=U4-4
Removed Pin From Net: NetName=JAL6_DN Pin=U4-5
Removed Pin From Net: NetName=NetP3_8 Pin=U4-6
Removed Pin From Net: NetName=NetP2_11 Pin=U4-8
Removed Pin From Net: NetName=JAL3_UP Pin=U4-9
Removed Pin From Net: NetName=JAL3_DN Pin=U4-10
Added Pin To Net: NetName=JAL1_UP Pin=U2-4
Added Pin To Net: NetName=JAL1_DN Pin=U2-5
Added Pin To Net: NetName=NetP2_5 Pin=U2-6
Added Pin To Net: NetName=NetP2_8 Pin=U2-8
Added Pin To Net: NetName=JAL2_UP Pin=U2-9
Added Pin To Net: NetName=JAL2_DN Pin=U2-10
Added Pin To Net: NetName=NetP2_11 Pin=U2-11
Added Pin To Net: NetName=JAL3_UP Pin=U2-12
Added Pin To Net: NetName=JAL3_DN Pin=U2-13
Added Pin To Net: NetName=JAL4_UP Pin=U4-1
Added Pin To Net: NetName=JAL4_DN Pin=U4-2
Added Pin To Net: NetName=NetP3_2 Pin=U4-3
Added Pin To Net: NetName=JAL5_UP Pin=U4-4
Added Pin To Net: NetName=JAL5_DN Pin=U4-5
Added Pin To Net: NetName=NetP3_5 Pin=U4-6
Added Pin To Net: NetName=NetP3_8 Pin=U4-8
Added Pin To Net: NetName=JAL6_UP Pin=U4-9
Added Pin To Net: NetName=JAL6_DN Pin=U4-10
