Removed Pin From Net: NetName=LED_R2 Pin=U1-15
Removed Pin From Net: NetName=LED_R3 Pin=U1-16
Removed Pin From Net: NetName=LED_C1 Pin=U1-17
Removed Pin From Net: NetName=JAL0_UP Pin=U1-18
Removed Pin From Net: NetName=JAL0_DN Pin=U1-19
Removed Pin From Net: NetName=JAL1_UP Pin=U1-20
Removed Pin From Net: NetName=JAL5_UP Pin=U1-21
Removed Pin From Net: NetName=JAL5_DN Pin=U1-22
Removed Pin From Net: NetName=JAL6_UP Pin=U1-25
Removed Pin From Net: NetName=JAL7_UP Pin=U1-27
Removed Pin From Net: NetName=JAL7_DN Pin=U1-28
Removed Pin From Net: NetName=LED_C2 Pin=U1-29
Removed Pin From Net: NetName=LED_C3 Pin=U1-32
Removed Pin From Net: NetName=BTN_MOVE Pin=U1-33
Removed Pin From Net: NetName=BTN_UP Pin=U1-35
Removed Pin From Net: NetName=BTN_DN Pin=U1-36
Removed Pin From Net: NetName=RELAY Pin=U1-38
Removed Pin From Net: NetName=JAL1_DN Pin=U1-39
Removed Pin From Net: NetName=JAL2_DN Pin=U1-41
Removed Pin From Net: NetName=JAL3_UP Pin=U1-42
Removed Pin From Net: NetName=JAL3_DN Pin=U1-43
Removed Pin From Net: NetName=JAL4_UP Pin=U1-45
Removed Pin From Net: NetName=JAL4_DN Pin=U1-46
Removed Pin From Net: NetName=3V3 Pin=U4-14
Added Pin To Net: NetName=BTN_DN Pin=U1-15
Added Pin To Net: NetName=BTN_UP Pin=U1-16
Added Pin To Net: NetName=BTN_MOVE Pin=U1-17
Added Pin To Net: NetName=RELAY Pin=U1-18
Added Pin To Net: NetName=JAL7_DN Pin=U1-19
Added Pin To Net: NetName=JAL7_UP Pin=U1-20
Added Pin To Net: NetName=JAL4_UP Pin=U1-21
Added Pin To Net: NetName=JAL4_DN Pin=U1-22
Added Pin To Net: NetName=JAL5_UP Pin=U1-25
Added Pin To Net: NetName=JAL5_DN Pin=U1-27
Added Pin To Net: NetName=JAL6_UP Pin=U1-28
Added Pin To Net: NetName=JAL1_DN Pin=U1-29
Added Pin To Net: NetName=JAL1_UP Pin=U1-32
Added Pin To Net: NetName=JAL0_DN Pin=U1-33
Added Pin To Net: NetName=JAL0_UP Pin=U1-35
Added Pin To Net: NetName=JAL3_DN Pin=U1-36
Added Pin To Net: NetName=JAL3_UP Pin=U1-38
Added Pin To Net: NetName=JAL2_DN Pin=U1-39
Added Pin To Net: NetName=LED_C3 Pin=U1-41
Added Pin To Net: NetName=LED_C2 Pin=U1-42
Added Pin To Net: NetName=LED_C1 Pin=U1-43
Added Pin To Net: NetName=LED_R3 Pin=U1-45
Added Pin To Net: NetName=LED_R2 Pin=U1-46
