Removed Pin From Net: NetName=F1 Pin=D3-2
Removed Pin From Net: NetName=F1 Pin=D5-2
Removed Pin From Net: NetName=F1 Pin=D7-2
Removed Pin From Net: NetName=F1 Pin=D9-2
Removed Pin From Net: NetName=F1 Pin=D11-2
Removed Pin From Net: NetName=F1 Pin=D13-2
Removed Pin From Net: NetName=F1 Pin=D18-2
Removed Pin From Net: NetName=F1 Pin=D26-2
Removed Pin From Net: NetName=F1 Pin=P19-1
Removed Pin From Net: NetName=F1 Pin=P19-2
Removed Pin From Net: NetName=F1 Pin=P19-11
Removed Pin From Net: NetName=F1 Pin=P19-12
Removed Pin From Net: NetName=F1 Pin=R17-2
Removed Pin From Net: NetName=F1 Pin=R29-2
Removed Pin From Net: NetName=F1 Pin=R41-2
Removed Pin From Net: NetName=F1 Pin=R53-2
Added Pin To Net: NetName=F2 Pin=D3-2
Added Pin To Net: NetName=F2 Pin=D5-2
Added Pin To Net: NetName=F2 Pin=D7-2
Added Pin To Net: NetName=F2 Pin=D9-2
Added Pin To Net: NetName=F2 Pin=D11-2
Added Pin To Net: NetName=F2 Pin=D13-2
Added Pin To Net: NetName=F2 Pin=D18-2
Added Pin To Net: NetName=F2 Pin=D26-2
Added Pin To Net: NetName=F2 Pin=P19-1
Added Pin To Net: NetName=F2 Pin=P19-2
Added Pin To Net: NetName=F2 Pin=P19-11
Added Pin To Net: NetName=F2 Pin=P19-12
Added Pin To Net: NetName=F2 Pin=R17-2
Added Pin To Net: NetName=F2 Pin=R29-2
Added Pin To Net: NetName=F2 Pin=R41-2
Added Pin To Net: NetName=F2 Pin=R53-2
Added Net: Name=F2
